[debug] [2019-09-30T00:01:47.803Z] ----------------------------------------------------------------------
[debug] [2019-09-30T00:01:47.810Z] Command:       C:\Program Files\nodejs\node.exe C:\Users\B_Win\AppData\Roaming\npm\node_modules\firebase-tools\lib\bin\firebase.js deploy
[debug] [2019-09-30T00:01:47.810Z] CLI Version:   7.4.0
[debug] [2019-09-30T00:01:47.810Z] Platform:      win32
[debug] [2019-09-30T00:01:47.810Z] Node Version:  v10.16.3
[debug] [2019-09-30T00:01:47.810Z] Time:          Sun Sep 29 2019 17:01:47 GMT-0700 (Pacific Daylight Time)
[debug] [2019-09-30T00:01:47.810Z] ----------------------------------------------------------------------
[debug] 
[debug] [2019-09-30T00:01:47.833Z] > command requires scopes: ["email","openid","https://www.googleapis.com/auth/cloudplatformprojects.readonly","https://www.googleapis.com/auth/firebase","https://www.googleapis.com/auth/cloud-platform"]
[debug] [2019-09-30T00:01:47.839Z] > authorizing via signed-in user
[debug] [2019-09-30T00:01:47.839Z] [iam] checking project cecs-491-1934c for permissions ["cloudfunctions.functions.create","cloudfunctions.functions.delete","cloudfunctions.functions.get","cloudfunctions.functions.list","cloudfunctions.functions.update","cloudfunctions.operations.get","datastore.indexes.create","datastore.indexes.delete","datastore.indexes.list","datastore.indexes.update","firebase.projects.get","firebasedatabase.instances.update","firebasehosting.sites.update","firebaserules.releases.create","firebaserules.releases.update","firebaserules.rulesets.create"]
[debug] [2019-09-30T00:01:47.843Z] >>> HTTP REQUEST POST https://cloudresourcemanager.googleapis.com/v1/projects/cecs-491-1934c:testIamPermissions  

[debug] [2019-09-30T00:01:48.678Z] <<< HTTP RESPONSE 200
[debug] [2019-09-30T00:01:48.686Z] >>> HTTP REQUEST GET https://firebase.googleapis.com/v1beta1/projects/cecs-491-1934c  
 
[debug] [2019-09-30T00:01:49.288Z] <<< HTTP RESPONSE 200
[info] 
[info] === Deploying to 'cecs-491-1934c'...
[info] 
[info] i  deploying database, storage, firestore, functions, hosting
[info] Running command: npm --prefix "$RESOURCE_DIR" run lint
[info] +  functions: Finished running predeploy script.
[info] i  database: checking rules syntax...
[debug] [2019-09-30T00:02:04.577Z] >>> HTTP REQUEST PUT https://cecs-491-1934c.firebaseio.com/.settings/rules.json?dryRun=true  
 {
  "rules": {
    ".read": "auth != null",
    ".write": "auth != null"
  }
}
[debug] [2019-09-30T00:02:05.469Z] <<< HTTP RESPONSE 200
[info] +  database: rules syntax for database cecs-491-1934c is valid
[debug] [2019-09-30T00:02:05.469Z] >>> HTTP REQUEST GET https://appengine.googleapis.com/v1/apps/cecs-491-1934c  
 
[debug] [2019-09-30T00:02:06.487Z] <<< HTTP RESPONSE 200
[info] i  storage: checking storage.rules for compilation errors...
[debug] [2019-09-30T00:02:06.495Z] >>> HTTP REQUEST POST https://firebaserules.googleapis.com/v1/projects/cecs-491-1934c:test  

[debug] [2019-09-30T00:02:07.617Z] <<< HTTP RESPONSE 200
[info] +  storage: rules file storage.rules compiled successfully
[info] i  firestore: checking firestore.rules for compilation errors...
[info] i  firestore: reading indexes from firestore.indexes.json...
[debug] [2019-09-30T00:02:07.629Z] >>> HTTP REQUEST POST https://firebaserules.googleapis.com/v1/projects/cecs-491-1934c:test  

[debug] [2019-09-30T00:02:08.331Z] <<< HTTP RESPONSE 200
[info] +  firestore: rules file firestore.rules compiled successfully
[debug] [2019-09-30T00:02:08.335Z] > [functions] package.json contents: {
  "name": "functions",
  "description": "Cloud Functions for Firebase",
  "scripts": {
    "lint": "eslint .",
    "serve": "firebase serve --only functions",
    "shell": "firebase functions:shell",
    "start": "npm run shell",
    "deploy": "firebase deploy --only functions",
    "logs": "firebase functions:log"
  },
  "engines": {
    "node": "8"
  },
  "dependencies": {
    "firebase-admin": "^8.0.0",
    "firebase-functions": "^3.1.0"
  },
  "devDependencies": {
    "eslint": "^5.12.0",
    "eslint-plugin-promise": "^4.0.1",
    "firebase-functions-test": "^0.1.6"
  },
  "private": true
}
[info] i  functions: ensuring necessary APIs are enabled...
[debug] [2019-09-30T00:02:08.340Z] >>> HTTP REQUEST GET https://serviceusage.googleapis.com/v1/projects/cecs-491-1934c/services/cloudfunctions.googleapis.com  
 
[debug] [2019-09-30T00:02:08.344Z] >>> HTTP REQUEST GET https://serviceusage.googleapis.com/v1/projects/cecs-491-1934c/services/runtimeconfig.googleapis.com  
 
[debug] [2019-09-30T00:02:09.253Z] <<< HTTP RESPONSE 200
[debug] [2019-09-30T00:02:09.455Z] <<< HTTP RESPONSE 200
[info] +  functions: all necessary APIs are enabled
[debug] [2019-09-30T00:02:09.459Z] >>> HTTP REQUEST GET https://firebase.googleapis.com/v1beta1/projects/cecs-491-1934c/adminSdkConfig  
 
[debug] [2019-09-30T00:02:09.649Z] <<< HTTP RESPONSE 200
[debug] [2019-09-30T00:02:09.652Z] >>> HTTP REQUEST POST https://firebasehosting.googleapis.com/v1beta1/sites/cecs-491-1934c/versions  

[debug] [2019-09-30T00:02:10.653Z] <<< HTTP RESPONSE 200
[info] i  storage: uploading rules storage.rules...
[debug] [2019-09-30T00:02:10.661Z] >>> HTTP REQUEST POST https://firebaserules.googleapis.com/v1/projects/cecs-491-1934c/rulesets  

[debug] [2019-09-30T00:02:11.074Z] <<< HTTP RESPONSE 200
[debug] [2019-09-30T00:02:11.074Z] [rules] created ruleset projects/cecs-491-1934c/rulesets/1f1419c1-d621-40c8-a926-53e81e959675
[info] i  firestore: uploading rules firestore.rules...
[debug] [2019-09-30T00:02:11.082Z] >>> HTTP REQUEST POST https://firebaserules.googleapis.com/v1/projects/cecs-491-1934c/rulesets  

[debug] [2019-09-30T00:02:11.082Z] >>> HTTP REQUEST GET https://firestore.googleapis.com/v1beta2/projects/cecs-491-1934c/databases/(default)/collectionGroups/-/indexes  
 
[debug] [2019-09-30T00:02:11.607Z] <<< HTTP RESPONSE 200
[debug] [2019-09-30T00:02:11.607Z] [rules] created ruleset projects/cecs-491-1934c/rulesets/00a64475-cff3-49dc-a7a8-9e7c0cc7e746
[debug] [2019-09-30T00:02:12.023Z] <<< HTTP RESPONSE 200
[debug] [2019-09-30T00:02:12.023Z] >>> HTTP REQUEST GET https://firestore.googleapis.com/v1beta2/projects/cecs-491-1934c/databases/(default)/collectionGroups/-/fields?filter=indexConfig.usesAncestorConfig=false  
 
[debug] [2019-09-30T00:02:12.838Z] <<< HTTP RESPONSE 200
[info] +  firestore: deployed indexes in firestore.indexes.json successfully
[info] i  functions: preparing functions directory for uploading...
[debug] [2019-09-30T00:02:12.846Z] >>> HTTP REQUEST GET https://runtimeconfig.googleapis.com/v1beta1/projects/cecs-491-1934c/configs  
 
[debug] [2019-09-30T00:02:13.788Z] <<< HTTP RESPONSE 200
[info] i  hosting[cecs-491-1934c]: beginning deploy...
[info] i  hosting[cecs-491-1934c]: found 6 files in public
[debug] [2019-09-30T00:02:14.210Z] [hosting] hash cache [cHVibGlj] load error: lines is not defined
[debug] [2019-09-30T00:02:14.257Z] [hosting] hash cache [cHVibGlj] stored for 6 files
[debug] [2019-09-30T00:02:14.257Z] [hosting][hash queue][FINAL]
[debug] [2019-09-30T00:02:14.257Z] >>> HTTP REQUEST POST https://firebasehosting.googleapis.com/v1beta1/sites/cecs-491-1934c/versions/7e32504f3825714e:populateFiles  
 <request body omitted>
[debug] [2019-09-30T00:02:14.908Z] <<< HTTP RESPONSE 200
[debug] [2019-09-30T00:02:14.908Z] [hosting][populate queue][FINAL]
[debug] [2019-09-30T00:02:14.908Z] [hosting] uploads queued: 0
[debug] [2019-09-30T00:02:14.912Z] [hosting][upload queue][FINAL]
[info] +  hosting[cecs-491-1934c]: file upload complete
[debug] [2019-09-30T00:02:14.912Z] [hosting] deploy completed after 717ms
[info] i  database: releasing rules...
[debug] [2019-09-30T00:02:15.065Z] >>> HTTP REQUEST PUT https://cecs-491-1934c.firebaseio.com/.settings/rules.json  
 {
  "rules": {
    ".read": "auth != null",
    ".write": "auth != null"
  }
}
[debug] [2019-09-30T00:02:15.823Z] <<< HTTP RESPONSE 200
[info] +  database: rules for database cecs-491-1934c released successfully
[debug] [2019-09-30T00:02:15.827Z] [rules] releasing firebase.storage/cecs-491-1934c.appspot.com with ruleset projects/cecs-491-1934c/rulesets/1f1419c1-d621-40c8-a926-53e81e959675
[debug] [2019-09-30T00:02:15.827Z] >>> HTTP REQUEST PATCH https://firebaserules.googleapis.com/v1/projects/cecs-491-1934c/releases/firebase.storage/cecs-491-1934c.appspot.com  

[debug] [2019-09-30T00:02:16.321Z] <<< HTTP RESPONSE 200
[debug] [2019-09-30T00:02:16.321Z] [rules] updated release projects/cecs-491-1934c/releases/firebase.storage/cecs-491-1934c.appspot.com
[info] +  storage: released rules storage.rules to firebase.storage/cecs-491-1934c.appspot.com
[debug] [2019-09-30T00:02:16.325Z] [rules] releasing cloud.firestore with ruleset projects/cecs-491-1934c/rulesets/00a64475-cff3-49dc-a7a8-9e7c0cc7e746
[debug] [2019-09-30T00:02:16.325Z] >>> HTTP REQUEST PATCH https://firebaserules.googleapis.com/v1/projects/cecs-491-1934c/releases/cloud.firestore  

[debug] [2019-09-30T00:02:17.253Z] <<< HTTP RESPONSE 200
[debug] [2019-09-30T00:02:17.253Z] [rules] updated release projects/cecs-491-1934c/releases/cloud.firestore
[info] +  firestore: released rules firestore.rules to cloud.firestore
[debug] [2019-09-30T00:02:17.261Z] >>> HTTP REQUEST GET https://cloudfunctions.googleapis.com/v1/projects/cecs-491-1934c/locations/-/functions  
 
[debug] [2019-09-30T00:02:18.068Z] <<< HTTP RESPONSE 200
[debug] [2019-09-30T00:02:18.077Z] >>> HTTP REQUEST GET https://serviceusage.googleapis.com/v1/projects/cecs-491-1934c/services/cloudscheduler.googleapis.com  
 
[debug] [2019-09-30T00:02:18.518Z] <<< HTTP RESPONSE 200
[debug] [2019-09-30T00:02:18.522Z] [
  {
    "config": {
      "public": "public",
      "ignore": [
        "firebase.json",
        "**/.*",
        "**/node_modules/**"
      ],
      "rewrites": [
        {
          "source": "**",
          "destination": "/index.html"
        }
      ],
      "site": "cecs-491-1934c"
    },
    "site": "cecs-491-1934c",
    "version": "sites/cecs-491-1934c/versions/7e32504f3825714e"
  }
]
[info] i  hosting[cecs-491-1934c]: finalizing version...
[debug] [2019-09-30T00:02:18.526Z] >>> HTTP REQUEST PATCH https://firebasehosting.googleapis.com/v1beta1/sites/cecs-491-1934c/versions/7e32504f3825714e?updateMask=status  

[debug] [2019-09-30T00:02:18.946Z] <<< HTTP RESPONSE 200
[debug] [2019-09-30T00:02:18.946Z] [hosting] finalized version for cecs-491-1934c:
[info] +  hosting[cecs-491-1934c]: version finalized
[info] i  hosting[cecs-491-1934c]: releasing new version...
[debug] [2019-09-30T00:02:18.950Z] >>> HTTP REQUEST POST https://firebasehosting.googleapis.com/v1beta1/sites/cecs-491-1934c/releases?version_name=sites/cecs-491-1934c/versions/7e32504f3825714e  

[debug] [2019-09-30T00:02:19.413Z] <<< HTTP RESPONSE 200
[debug] [2019-09-30T00:02:19.413Z] [hosting] release:
[info] +  hosting[cecs-491-1934c]: release complete
[info] 
[info] +  Deploy complete!
[info] 
[info] Project Console: https://console.firebase.google.com/project/cecs-491-1934c/overview
[info] Hosting URL: https://cecs-491-1934c.firebaseapp.com
